warning: Git tree '/home/rotemhoresh/nixos-config' is dirty
building the system configuration...
warning: Git tree '/home/rotemhoresh/nixos-config' is dirty
these 11 derivations will be built:
  /nix/store/39vsw5jx9wgvy6srs49lfcikfdi272ai-zoom_x86_64.pkg.tar.xz.drv
  /nix/store/aszh98a8i7ck8akn3ccjcp7w3hrrp0y4-zoom-6.2.10.4983.drv
  /nix/store/ddf5pmwqbrazwcy0r7wwk1i35x5lk53j-home-manager-path.drv
  /nix/store/6j9d5jxcznkwydpgnzl0k6s1my9pwvak-hm_fontconfigconf.d10hmfonts.conf.drv
  /nix/store/dq1n54bc76hcpb164pf81pl84npfii5y-home-manager-files.drv
  /nix/store/09222q9xfypynkkybpaczl4dkq7j6ml9-home-manager-generation.drv
  /nix/store/qj3dbqhhxh4m6prkwy1d5fr4d0v8lh0m-unit-home-manager-rotemhoresh.service.drv
  /nix/store/71m60y2r8ww5qmk61qhsxmg7dikwpki2-system-units.drv
  /nix/store/9lhxjjbdij9xbbp9xkm9h88bdrnlb4dj-user-environment.drv
  /nix/store/r9zazc46m02zi8fpbfpgi47xdjfd2v2y-etc.drv
  /nix/store/skxfmlafyys022i3xhy69sq1xms3spmi-nixos-system-nixos-25.05.20241201.ac35b10.drv
building '/nix/store/39vsw5jx9wgvy6srs49lfcikfdi272ai-zoom_x86_64.pkg.tar.xz.drv'...
building '/nix/store/aszh98a8i7ck8akn3ccjcp7w3hrrp0y4-zoom-6.2.10.4983.drv'...
building '/nix/store/ddf5pmwqbrazwcy0r7wwk1i35x5lk53j-home-manager-path.drv'...
building '/nix/store/6j9d5jxcznkwydpgnzl0k6s1my9pwvak-hm_fontconfigconf.d10hmfonts.conf.drv'...
building '/nix/store/9lhxjjbdij9xbbp9xkm9h88bdrnlb4dj-user-environment.drv'...
building '/nix/store/dq1n54bc76hcpb164pf81pl84npfii5y-home-manager-files.drv'...
building '/nix/store/09222q9xfypynkkybpaczl4dkq7j6ml9-home-manager-generation.drv'...
building '/nix/store/qj3dbqhhxh4m6prkwy1d5fr4d0v8lh0m-unit-home-manager-rotemhoresh.service.drv'...
building '/nix/store/71m60y2r8ww5qmk61qhsxmg7dikwpki2-system-units.drv'...
building '/nix/store/r9zazc46m02zi8fpbfpgi47xdjfd2v2y-etc.drv'...
building '/nix/store/skxfmlafyys022i3xhy69sq1xms3spmi-nixos-system-nixos-25.05.20241201.ac35b10.drv'...
activating the configuration...
setting up /etc...
reloading user units for rotemhoresh...
restarting sysinit-reactivation.target
the following new units were started: run-credentials-systemd\x2dtmpfiles\x2dresetup.service.mount, sysinit-reactivation.target, systemd-tmpfiles-resetup.service
